# project noname (1.0) configured on Wed Nov  9 16:14:17 2011 by
# waf 1.5.16 (abi 7, python 20701f0 on darwin)
# using /usr/local/bin/node-waf configure
#

----------------------------------------
Setting srcdir to
/Users/mzsanfor/src/gcode/cld-2/ports/node

----------------------------------------
Setting blddir to
/Users/mzsanfor/src/gcode/cld-2/ports/node/build

----------------------------------------
Checking for program g++ or c++
  find program=['g++', 'c++'] paths=[] var='CXX'
  -> '/usr/bin/g++'

----------------------------------------
Checking for program cpp
  find program=['cpp'] paths=[] var='CPP'
  -> '/usr/bin/cpp'

----------------------------------------
Checking for program ar
  find program=['ar'] paths=[] var='AR'
  -> '/usr/bin/ar'

----------------------------------------
Checking for program ranlib
  find program=['ranlib'] paths=[] var='RANLIB'
  -> '/usr/bin/ranlib'

----------------------------------------
Checking for g++ 
ok 

----------------------------------------
Checking for node path 
not found

----------------------------------------
Checking for node prefix 
ok /usr/local/Cellar/node/0.4.12
